<?xml version="1.0" encoding="utf-8"?><testsuites name="pytest tests"><testsuite name="pytest" errors="0" failures="2" skipped="0" tests="31" time="7.752" timestamp="2026-05-30T14:07:59.361405+00:00" hostname="agent-env-14affd5d-aa55-44ed-8ffc-81dd4a8a098f"><testcase classname="backend.tests.test_gb_backend.TestHealth" name="test_root" time="1.949" /><testcase classname="backend.tests.test_gb_backend.TestEstimate" name="test_estimate_three_packages" time="0.108" /><testcase classname="backend.tests.test_gb_backend.TestPublicLeads" name="test_create_lead" time="0.149" /><testcase classname="backend.tests.test_gb_backend.TestPublicLeads" name="test_callback" time="0.139" /><testcase classname="backend.tests.test_gb_backend.TestPublicLeads" name="test_projects" time="0.127" /><testcase classname="backend.tests.test_gb_backend.TestAuth" name="test_login_admin_sets_cookie" time="0.322" /><testcase classname="backend.tests.test_gb_backend.TestAuth" name="test_login_invalid" time="0.328" /><testcase classname="backend.tests.test_gb_backend.TestAuth" name="test_me_with_cookie" time="0.418" /><testcase classname="backend.tests.test_gb_backend.TestAuth" name="test_me_unauthenticated" time="0.140" /><testcase classname="backend.tests.test_gb_backend.TestAuth" name="test_logout" time="0.385" /><testcase classname="backend.tests.test_gb_backend.TestLeadsProtected" name="test_list_leads_protected" time="0.105" /><testcase classname="backend.tests.test_gb_backend.TestLeadsProtected" name="test_list_leads_seeded" time="0.113" /><testcase classname="backend.tests.test_gb_backend.TestLeadsProtected" name="test_filter_status_nuovo" time="0.059" /><testcase classname="backend.tests.test_gb_backend.TestLeadsProtected" name="test_filter_preventivi" time="0.054" /><testcase classname="backend.tests.test_gb_backend.TestLeadsProtected" name="test_filter_da_contattare" time="0.062" /><testcase classname="backend.tests.test_gb_backend.TestLeadsProtected" name="test_search_q" time="0.050" /><testcase classname="backend.tests.test_gb_backend.TestLeadsProtected" name="test_get_patch_timeline" time="0.245" /><testcase classname="backend.tests.test_gb_backend.TestLeadsProtected" name="test_ai_suggest" time="1.565" /><testcase classname="backend.tests.test_gb_backend.TestDashboard" name="test_today" time="0.072" /><testcase classname="backend.tests.test_gb_backend.TestDashboard" name="test_pipeline" time="0.082" /><testcase classname="backend.tests.test_gb_backend.TestDashboard" name="test_sopralluoghi" time="0.054" /><testcase classname="backend.tests.test_gb_backend.TestDashboard" name="test_preventivi" time="0.051" /><testcase classname="backend.tests.test_gb_backend.TestDashboard" name="test_cantieri" time="0.048" /><testcase classname="backend.tests.test_gb_backend.TestReports" name="test_reports_admin_only_403" time="0.406" /><testcase classname="backend.tests.test_gb_backend.TestReports" name="test_reports_admin" time="0.050"><failure message="assert 500 == 200&#10; +  where 500 = &lt;Response [500]&gt;.status_code">backend/tests/test_gb_backend.py:239: in test_reports_admin
    assert r.status_code == 200
E   assert 500 == 200
E    +  where 500 = &lt;Response [500]&gt;.status_code</failure></testcase><testcase classname="backend.tests.test_gb_backend.TestReports" name="test_reports_insights" time="0.051"><failure message="AssertionError: Internal Server Error&#10;assert 500 == 200&#10; +  where 500 = &lt;Response [500]&gt;.status_code">backend/tests/test_gb_backend.py:248: in test_reports_insights
    assert r.status_code == 200, r.text
E   AssertionError: Internal Server Error
E   assert 500 == 200
E    +  where 500 = &lt;Response [500]&gt;.status_code</failure></testcase><testcase classname="backend.tests.test_gb_backend.TestSettings" name="test_coefficienti" time="0.050" /><testcase classname="backend.tests.test_gb_backend.TestSettings" name="test_voci_86" time="0.051" /><testcase classname="backend.tests.test_gb_backend.TestSettings" name="test_list_staff" time="0.049" /><testcase classname="backend.tests.test_gb_backend.TestSettings" name="test_staff_create_admin_only" time="0.047" /><testcase classname="backend.tests.test_gb_backend.TestSettings" name="test_staff_create" time="0.275" /></testsuite></testsuites>