<?xml version="1.0" encoding="utf-8"?><testsuites name="pytest tests"><testsuite name="pytest" errors="0" failures="2" skipped="0" tests="36" time="12.210" timestamp="2026-05-30T15:33:50.659019+00:00" hostname="agent-env-14affd5d-aa55-44ed-8ffc-81dd4a8a098f"><testcase classname="backend.tests.test_brancale_regression.TestBrancaleStaff" name="test_staff_has_three_brancale_with_photos" time="2.583"><failure message="AssertionError: Missing Brancale staff: {'Vincenzo Brancale', 'Giuseppe Brancale', 'Giovanni Brancale'}; got {None}&#10;assert not {'Giovanni Brancale', 'Giuseppe Brancale', 'Vincenzo Brancale'}">backend/tests/test_brancale_regression.py:21: in test_staff_has_three_brancale_with_photos
    assert not missing, f"Missing Brancale staff: {missing}; got {names_in_response}"
E   AssertionError: Missing Brancale staff: {'Vincenzo Brancale', 'Giuseppe Brancale', 'Giovanni Brancale'}; got {None}
E   assert not {'Giovanni Brancale', 'Giuseppe Brancale', 'Vincenzo Brancale'}</failure></testcase><testcase classname="backend.tests.test_brancale_regression.TestBrancaleStaff" name="test_staff_roles_present" time="0.064"><failure message="AssertionError: No admin role among Brancale: {}&#10;assert 'admin' in dict_values([])&#10; +  where dict_values([]) = &lt;built-in method values of dict object at 0xfca0b806a640&gt;()&#10; +    where &lt;built-in method values of dict object at 0xfca0b806a640&gt; = {}.values">backend/tests/test_brancale_regression.py:34: in test_staff_roles_present
    assert "admin" in roles.values(), f"No admin role among Brancale: {roles}"
E   AssertionError: No admin role among Brancale: {}
E   assert 'admin' in dict_values([])
E    +  where dict_values([]) = &lt;built-in method values of dict object at 0xfca0b806a640&gt;()
E    +    where &lt;built-in method values of dict object at 0xfca0b806a640&gt; = {}.values</failure></testcase><testcase classname="backend.tests.test_brancale_regression.TestLeadOwnersBrancale" name="test_lead_owners_are_brancale" time="0.126" /><testcase classname="backend.tests.test_brancale_regression.TestSopralluoghiTecnico" name="test_sopralluoghi_tecnico_brancale" time="0.061" /><testcase classname="backend.tests.test_brancale_regression.TestPublicProjects" name="test_projects_alive" time="0.141" /><testcase classname="backend.tests.test_gb_backend.TestHealth" name="test_root" time="0.113" /><testcase classname="backend.tests.test_gb_backend.TestEstimate" name="test_estimate_three_packages" time="0.138" /><testcase classname="backend.tests.test_gb_backend.TestPublicLeads" name="test_create_lead" time="0.139" /><testcase classname="backend.tests.test_gb_backend.TestPublicLeads" name="test_callback" time="0.106" /><testcase classname="backend.tests.test_gb_backend.TestPublicLeads" name="test_projects" time="0.099" /><testcase classname="backend.tests.test_gb_backend.TestAuth" name="test_login_admin_sets_cookie" time="0.358" /><testcase classname="backend.tests.test_gb_backend.TestAuth" name="test_login_invalid" time="0.335" /><testcase classname="backend.tests.test_gb_backend.TestAuth" name="test_me_with_cookie" time="0.060" /><testcase classname="backend.tests.test_gb_backend.TestAuth" name="test_me_unauthenticated" time="0.122" /><testcase classname="backend.tests.test_gb_backend.TestAuth" name="test_logout" time="0.378" /><testcase classname="backend.tests.test_gb_backend.TestLeadsProtected" name="test_list_leads_protected" time="0.095" /><testcase classname="backend.tests.test_gb_backend.TestLeadsProtected" name="test_list_leads_seeded" time="0.096" /><testcase classname="backend.tests.test_gb_backend.TestLeadsProtected" name="test_filter_status_nuovo" time="0.065" /><testcase classname="backend.tests.test_gb_backend.TestLeadsProtected" name="test_filter_preventivi" time="0.068" /><testcase classname="backend.tests.test_gb_backend.TestLeadsProtected" name="test_filter_da_contattare" time="0.073" /><testcase classname="backend.tests.test_gb_backend.TestLeadsProtected" name="test_search_q" time="0.063" /><testcase classname="backend.tests.test_gb_backend.TestLeadsProtected" name="test_get_patch_timeline" time="0.299" /><testcase classname="backend.tests.test_gb_backend.TestLeadsProtected" name="test_ai_suggest" time="1.439" /><testcase classname="backend.tests.test_gb_backend.TestDashboard" name="test_today" time="0.081" /><testcase classname="backend.tests.test_gb_backend.TestDashboard" name="test_pipeline" time="0.099" /><testcase classname="backend.tests.test_gb_backend.TestDashboard" name="test_sopralluoghi" time="0.064" /><testcase classname="backend.tests.test_gb_backend.TestDashboard" name="test_preventivi" time="0.056" /><testcase classname="backend.tests.test_gb_backend.TestDashboard" name="test_cantieri" time="0.060" /><testcase classname="backend.tests.test_gb_backend.TestReports" name="test_reports_admin_only_403" time="0.464" /><testcase classname="backend.tests.test_gb_backend.TestReports" name="test_reports_admin" time="0.103" /><testcase classname="backend.tests.test_gb_backend.TestReports" name="test_reports_insights" time="3.685" /><testcase classname="backend.tests.test_gb_backend.TestSettings" name="test_coefficienti" time="0.062" /><testcase classname="backend.tests.test_gb_backend.TestSettings" name="test_voci_86" time="0.057" /><testcase classname="backend.tests.test_gb_backend.TestSettings" name="test_list_staff" time="0.055" /><testcase classname="backend.tests.test_gb_backend.TestSettings" name="test_staff_create_admin_only" time="0.050" /><testcase classname="backend.tests.test_gb_backend.TestSettings" name="test_staff_create" time="0.282" /></testsuite></testsuites>